
CZC0131Z48	Fri Feb 11 16:44:13 2011
	ib_util init failed, UDFs can't be used - looks like firebird misconfigured
	
	D:\Projeler\SAS_FMC\trunk\bin/ib_util.dll library has not been found
	D:\Projeler\SAS_FMC\trunk\ib_util.dll library has not been found
	ib_util.dll library has not been found


CZC0131Z48	Fri Feb 11 18:04:59 2011
	ib_util init failed, UDFs can't be used - looks like firebird misconfigured
	
	D:\Projeler\SAS_FMC\trunk\bin/ib_util.dll library has not been found
	D:\Projeler\SAS_FMC\trunk\ib_util.dll library has not been found
	ib_util.dll library has not been found


CZC0131Z48	Fri Feb 11 18:06:45 2011
	ib_util init failed, UDFs can't be used - looks like firebird misconfigured
	
	D:\Projeler\SAS_FMC\trunk\bin/ib_util.dll library has not been found
	D:\Projeler\SAS_FMC\trunk\ib_util.dll library has not been found
	ib_util.dll library has not been found


CZC0131Z48	Fri Feb 11 19:40:19 2011
	ib_util init failed, UDFs can't be used - looks like firebird misconfigured
	
	D:\Projeler\SAS_FMC\trunk\bin/ib_util.dll library has not been found
	D:\Projeler\SAS_FMC\trunk\ib_util.dll library has not been found
	ib_util.dll library has not been found


CZC0131Z48	Mon Feb 14 10:30:29 2011
	ib_util init failed, UDFs can't be used - looks like firebird misconfigured
	
	D:\Projeler\SAS_FMC\trunk\bin/ib_util.dll library has not been found
	D:\Projeler\SAS_FMC\trunk\ib_util.dll library has not been found
	ib_util.dll library has not been found

